#BIND_OUTPUT version: 3.0



#---------------------- SYMMETRY ANALYSIS ----------------------

1 Elements are present. They are:
  1 Identity.
   Equivalent Atoms: 1 -> 1, 2 -> 2, 3 -> 3, 4 -> 4, 5 -> 5, 6 -> 6, 7 -> 7, 8 -> 8, 9 -> 9, 10 -> 10, 11 -> 11, 12 -> 12, 13 -> 13, 14 -> 14, 15 -> 15, 16 -> 16, 17 -> 17, 18 -> 18, 19 -> 19, 20 -> 20, 21 -> 21, 22 -> 22, 23 -> 23, 24 -> 24, 

Here are the  Non-Redundant Elements which are present:
Identity.
   Equivalent Atoms: 1 -> 1, 2 -> 2, 3 -> 3, 4 -> 4, 5 -> 5, 6 -> 6, 7 -> 7, 8 -> 8, 9 -> 9, 10 -> 10, 11 -> 11, 12 -> 12, 13 -> 13, 14 -> 14, 15 -> 15, 16 -> 16, 17 -> 17, 18 -> 18, 19 -> 19, 20 -> 20, 21 -> 21, 22 -> 22, 23 -> 23, 24 -> 24, 

;-----------------------------------------------------------------
Allocating approximately   227.06 Kbytes (    0.22 Meg).
Each matrix is:     0.00 meg.

; Number of orbitals
#Num_Orbitals: 60
Error value from Diagonalization (0 is good): 0

#	******* Energies (in eV)  and Occupation Numbers *******
1:--->  -35.6618  [2.000 Electrons]
2:--->  -33.2728  [2.000 Electrons]
3:--->  -29.8284  [2.000 Electrons]
4:--->  -29.3076  [2.000 Electrons]
5:--->  -26.9242  [2.000 Electrons]
6:--->  -25.5793  [2.000 Electrons]
7:--->  -23.6966  [2.000 Electrons]
8:--->  -21.6377  [2.000 Electrons]
9:--->  -20.4765  [2.000 Electrons]
10:--->  -19.4346  [2.000 Electrons]
11:--->  -18.1235  [2.000 Electrons]
12:--->  -17.0527  [2.000 Electrons]
13:--->  -16.8161  [2.000 Electrons]
14:--->  -16.6725  [2.000 Electrons]
15:--->  -16.2882  [2.000 Electrons]
16:--->  -16.2076  [2.000 Electrons]
17:--->   -15.833  [2.000 Electrons]
18:--->  -15.5679  [2.000 Electrons]
19:--->  -15.3061  [2.000 Electrons]
20:--->  -14.9756  [2.000 Electrons]
21:--->  -14.8417  [2.000 Electrons]
22:--->  -14.7148  [2.000 Electrons]
23:--->  -14.5127  [2.000 Electrons]
24:--->  -14.2758  [2.000 Electrons]
25:--->  -14.0382  [2.000 Electrons]
26:--->  -13.8651  [2.000 Electrons]
27:--->  -13.7084  [2.000 Electrons]
28:--->   -13.316  [2.000 Electrons]
29:--->  -13.0583  [2.000 Electrons]
30:--->  -12.7486  [2.000 Electrons]
31:--->   -12.372  [2.000 Electrons]
32:--->  -12.1035  [2.000 Electrons]
33:--->  -9.79558  [0.000 Electrons]
34:--->  -8.70894  [0.000 Electrons]
35:--->  -8.14092  [0.000 Electrons]
36:--->  -6.14528  [0.000 Electrons]
37:--->  -2.97225  [0.000 Electrons]
38:--->  -1.01197  [0.000 Electrons]
39:--->  -0.798938  [0.000 Electrons]
40:--->  -0.000195167  [0.000 Electrons]
41:--->  0.906936  [0.000 Electrons]
42:--->   1.79077  [0.000 Electrons]
43:--->   2.81074  [0.000 Electrons]
44:--->   3.01828  [0.000 Electrons]
45:--->   4.31292  [0.000 Electrons]
46:--->   4.93306  [0.000 Electrons]
47:--->   5.52087  [0.000 Electrons]
48:--->   6.36247  [0.000 Electrons]
49:--->   8.56436  [0.000 Electrons]
50:--->   10.6007  [0.000 Electrons]
51:--->    12.689  [0.000 Electrons]
52:--->   19.1991  [0.000 Electrons]
53:--->   19.8001  [0.000 Electrons]
54:--->   21.2037  [0.000 Electrons]
55:--->   22.9693  [0.000 Electrons]
56:--->   30.0038  [0.000 Electrons]
57:--->   33.6032  [0.000 Electrons]
58:--->    37.806  [0.000 Electrons]
59:--->   44.1083  [0.000 Electrons]
60:--->   61.1587  [0.000 Electrons]
Total_Energy: -1184.44

# Characters of wavefunctions with respect to symmetry operations present.
;              1 
   1:--->  1.000 
   2:--->  1.000 
   3:--->  1.000 
   4:--->  1.000 
   5:--->  1.000 
   6:--->  1.000 
   7:--->  1.000 
   8:--->  1.000 
   9:--->  1.000 
  10:--->  1.000 
  11:--->  1.000 
  12:--->  1.000 
  13:--->  1.000 
  14:--->  1.000 
  15:--->  1.000 
  16:--->  1.000 
  17:--->  1.000 
  18:--->  1.000 
  19:--->  1.000 
  20:--->  1.000 
  21:--->  1.000 
  22:--->  1.000 
  23:--->  1.000 
  24:--->  1.000 
  25:--->  1.000 
  26:--->  1.000 
  27:--->  1.000 
  28:--->  1.000 
  29:--->  1.000 
  30:--->  1.000 
  31:--->  1.000 
  32:--->  1.000 
  33:--->  1.000 
  34:--->  1.000 
  35:--->  1.000 
  36:--->  1.000 
  37:--->  1.000 
  38:--->  1.000 
  39:--->  1.000 
  40:--->  1.000 
  41:--->  1.000 
  42:--->  1.000 
  43:--->  1.000 
  44:--->  1.000 
  45:--->  1.000 
  46:--->  1.000 
  47:--->  1.000 
  48:--->  1.000 
  49:--->  1.000 
  50:--->  1.000 
  51:--->  1.000 
  52:--->  1.000 
  53:--->  1.000 
  54:--->  1.000 
  55:--->  1.000 
  56:--->  1.000 
  57:--->  1.000 
  58:--->  1.000 
  59:--->  1.000 
  60:--->  1.000 

;   Reduced Mulliken Overlap Population Matrix for 64.000 electrons:

              1        2        3        4        5        6        7      
  1        4.6908    
  2        0.7274      2.4176    
  3        -0.0318     0.6073      2.7341    
  4        0.0007      -0.0560     0.8026      2.7212    
  5        0.0000      -0.0107     -0.0682     1.0401      2.7779    
  6        -0.0000     0.0005      0.0011      -0.0551     0.9812      2.5913    
  7        0.0000      0.0000      0.0002      -0.0312     -0.0828     1.0312      2.7316    
  8        0.0000      -0.0005     0.0009      -0.0655     -0.0389     -0.0877     1.0810    
  9        -0.0005     -0.0352     -0.0922     0.9583      -0.0590     -0.0350     -0.0630   
  10       -0.0626     0.7372      -0.0393     -0.0017     -0.0135     -0.0164     -0.0013   
  11       0.0003      -0.0603     -0.0010     -0.0106     -0.0286     -0.0370     -0.0028   
  12       -0.0006     -0.0273     0.0003      -0.0010     0.0001      0.0004      -0.0001   
  13       0.7009      -0.0636     0.0020      0.0000      -0.0000     -0.0000     0.0000    
  14       -0.0000     0.0013      -0.0001     -0.0086     0.0167      0.2010      -0.0013   
  15       -0.0576     0.7959      -0.0464     -0.0014     0.0006      -0.0001     -0.0000   
  16       -0.0143     -0.0459     0.8107      -0.0643     0.0020      0.0000      -0.0000   
  17       0.0002      -0.0283     0.7709      -0.0431     -0.0027     0.0000      -0.0000   
  18       -0.0000     -0.0008     -0.0143     -0.0730     0.7134      -0.0433     0.0018    
  19       0.0000      -0.0000     -0.0000     0.0015      -0.0493     0.7567      -0.0681   
  20       -0.0000     0.0000      0.0000      0.0001      0.0022      -0.0718     0.7232    
  21       -0.0000     -0.0000     -0.0000     0.0014      0.0002      0.0017      -0.0938   
  22       0.0003      -0.0030     -0.0055     -0.0326     0.0013      0.0001      0.0013    
  23       0.6193      -0.0470     -0.0057     -0.0000     -0.0000     0.0000      -0.0000   
  24       -0.0001     0.0008      0.0000      -0.0009     -0.0006     -0.0001     0.0003    

              8        9        10       11       12       13       14     
  8        2.7899    
  9        0.9384      2.7764    
  10       0.0042      0.1552      1.7236    
  11       -0.0013     -0.0083     0.7474      6.4082    
  12       -0.0049     -0.0158     0.7220      -0.0400     6.1803    
  13       0.0000      -0.0001     -0.0046     0.0001      0.0001      0.4700    
  14       -0.0055     -0.0093     -0.0497     0.3806      -0.0010     -0.0000     0.3473    
  15       0.0000      0.0006      -0.0416     -0.0109     0.0000      -0.0156     -0.0002   
  16       0.0002      -0.0258     -0.0056     0.0001      0.0000      -0.0001     0.0000    
  17       -0.0000     0.0019      0.0010      -0.0000     -0.0000     -0.0000     0.0000    
  18       0.0001      0.0016      0.0000      -0.0006     -0.0000     -0.0000     -0.0025   
  19       0.0022      0.0003      0.0003      -0.0014     -0.0000     0.0000      -0.0076   
  20       -0.0596     0.0021      -0.0001     -0.0000     0.0000      0.0000      0.0001    
  21       0.7639      -0.0362     0.0001      0.0000      -0.0000     -0.0000     -0.0000   
  22       -0.0570     0.6967      -0.0064     0.0000      -0.0013     -0.0000     0.0001    
  23       -0.0000     -0.0000     0.0017      -0.0000     -0.0000     -0.0338     0.0000    
  24       0.0004      -0.0050     -0.0695     -0.0160     0.5453      0.0000      -0.0017   

              15       16       17       18       19       20       21     
  15       0.6859    
  16       -0.0000     0.6300    
  17       -0.0040     -0.0417     0.6483    
  18       0.0001      0.0001      0.0003      0.7103    
  19       0.0000      0.0000      -0.0000     -0.0019     0.6681    
  20       -0.0000     0.0000      -0.0000     -0.0000     -0.0116     0.7325    
  21       0.0000      -0.0000     0.0000      0.0000      -0.0000     -0.0209     0.6301    
  22       0.0001      -0.0013     0.0001      -0.0000     0.0000      -0.0000     -0.0023   
  23       0.0015      -0.0013     0.0001      0.0000      -0.0000     0.0000      0.0000    
  24       -0.0000     -0.0000     0.0000      0.0000      -0.0000     -0.0000     -0.0000   

              22       23       24     
  22       0.7088    
  23       -0.0001     0.5259    
  24       -0.0005     0.0000      0.2620    

;    Net Atomic Charges for 64.000 electrons:
1 N: -0.631682
2 C: 0.336470
3 C: -0.079919
4 C: 0.098875
5 C: 0.020305
6 C: 0.094941
7 C: 0.021078
8 C: -0.025236
9 C: 0.038812
10 C: 1.248040
11 O: -0.863046
12 O: -0.768436
13 H: 0.237358
14 H: 0.396673
15 H: 0.003669
16 H: 0.063578
17 H: 0.024460
18 H: -0.000740
19 H: 0.021300
20 H: -0.014289
21 H: 0.062979
22 H: -0.003760
23 H: 0.206718
24 H: 0.511850
;      Total Charge is: 1.000000


; 		q-q-q-q-q-q-q-q  Charge Matrix q-q-q-q-q-q-q-q

;   Reduced Charge Matrix Independant of Occupation
      1        2        3        4        5        6        7      
   1  0.0016  0.0001  0.3680  0.1801  0.0649  0.0015  0.0659
   2  0.0097  0.0016  0.2006  0.0600  0.0221  0.0011  0.1186
   3  0.0004  0.0003  0.0756  0.0066  0.2012  0.0008  0.2079
   4  0.0010  0.0009  0.0777  0.0934  0.2000  0.0326  0.0771
   5  0.0010  0.0025  0.0380  0.1156  0.0227  0.2156  0.0742
   6  0.0004  0.0016  0.0245  0.1357  0.1006  0.1695  0.0349
   7  0.0000  0.0001  0.0262  0.1422  0.1789  0.0415  0.0890
   8  0.0002  -0.0000  0.0282  0.1178  0.0665  0.2370  0.0292
   9  0.0017  -0.0001  0.0466  0.0861  0.0434  0.1852  0.1016
  10  0.2139  0.1008  0.0133  0.0030  0.0027  0.0070  0.0122
  11  0.3311  0.4454  0.0187  0.0014  0.0007  0.0014  0.0026
  12  0.3861  0.3834  0.0034  0.0007  0.0003  0.0028  0.0006
  13  -0.0000  0.0000  0.0350  0.0200  0.0121  0.0003  0.0193
  14  0.0137  0.0315  -0.0001  0.0011  0.0035  0.0080  0.0007
  15  -0.0001  0.0002  0.0075  0.0035  0.0002  0.0000  0.0200
  16  -0.0001  -0.0000  0.0061  0.0000  0.0213  0.0001  0.0414
  17  -0.0000  -0.0000  0.0019  0.0001  0.0161  0.0001  0.0429
  18  -0.0000  -0.0000  0.0010  0.0033  0.0020  0.0229  0.0107
  19  -0.0001  -0.0001  0.0006  0.0046  0.0087  0.0201  0.0036
  20  -0.0000  -0.0000  0.0006  0.0045  0.0146  0.0006  0.0188
  21  -0.0000  0.0000  0.0008  0.0049  0.0078  0.0318  0.0010
  22  -0.0001  0.0000  0.0009  0.0019  0.0018  0.0199  0.0148
  23  0.0000  0.0000  0.0235  0.0130  0.0075  0.0003  0.0128
  24  0.0395  0.0318  0.0012  0.0002  0.0002  -0.0001  0.0002
      8        9        10       11       12       13       14     
   1  0.0891  0.0037  0.0080  0.0604  0.0668  0.2935  0.0797
   2  0.2009  0.0104  0.0331  0.1187  0.0170  0.0796  0.0141
   3  0.1100  0.0090  0.0664  0.0460  0.0482  0.0612  0.0047
   4  0.0377  0.0847  0.0935  0.0269  0.0494  0.0050  0.0077
   5  0.0174  0.1345  0.0787  0.0221  0.0709  0.0080  0.0259
   6  0.0144  0.1399  0.0905  0.0143  0.0717  0.0130  0.0232
   7  0.0152  0.0767  0.1290  0.0091  0.0583  0.0059  0.0326
   8  0.0125  0.1082  0.1147  0.0117  0.0450  0.0105  0.0053
   9  0.0260  0.1352  0.0791  0.0232  0.0961  0.0202  0.0297
  10  0.1823  0.0071  0.0337  0.1140  0.0113  0.0310  0.0819
  11  0.0511  0.0054  0.0403  0.1560  0.0073  0.0723  0.1846
  12  0.0347  0.0005  0.0220  0.1833  0.0233  0.0289  0.2413
  13  0.0203  0.0002  0.0026  0.0023  0.0261  0.1391  0.0218
  14  0.0078  0.0141  0.0293  0.0208  0.0133  0.0304  0.0588
  15  0.0593  0.0069  0.0077  0.0950  0.0006  0.0292  0.0040
  16  0.0248  0.0092  0.0110  0.0105  0.0104  0.0118  0.0001
  17  0.0385  0.0006  0.0215  0.0343  0.0034  0.0524  0.0048
  18  0.0012  0.0613  0.0129  0.0060  0.0759  0.0063  0.0180
  19  0.0032  0.0727  0.0086  0.0053  0.0625  0.0007  0.0150
  20  0.0040  0.0010  0.0724  0.0071  0.0567  0.0005  0.0319
  21  0.0038  0.0604  0.0346  0.0075  0.0515  0.0061  0.0008
  22  0.0073  0.0569  0.0079  0.0002  0.1040  0.0164  0.0246
  23  0.0304  0.0014  0.0001  0.0144  0.0259  0.0744  0.0382
  24  0.0080  -0.0000  0.0022  0.0108  0.0044  0.0037  0.0513
      15       16       17       18       19       20       21     
   1  0.0007  0.0304  0.1948  0.0988  0.2177  0.0016  0.0099
   2  0.0020  0.0053  0.1162  0.0735  0.1482  0.0012  0.0134
   3  0.0436  0.0016  0.1597  0.0466  0.1143  0.0028  0.0360
   4  0.0263  0.0090  0.0118  0.0213  0.0134  0.0026  0.0180
   5  0.0755  0.0051  0.0220  0.0215  0.0164  0.0058  0.1509
   6  0.1713  0.0119  0.0248  0.0215  0.0193  0.0122  0.0840
   7  0.1235  0.0049  0.0077  0.0063  0.0032  0.0088  0.0328
   8  0.1201  0.0085  0.0082  0.0052  0.0145  0.0004  0.1730
   9  0.0463  0.0221  0.0118  0.0109  0.0157  0.0022  0.1256
  10  0.0043  0.1355  0.0131  0.0694  0.0355  0.0259  0.0004
  11  0.0081  0.2533  0.0558  0.2495  0.0441  0.4180  0.0102
  12  0.0238  0.3882  0.0455  0.2874  0.1361  0.4970  0.0229
  13  0.0001  0.0110  0.0033  0.0199  0.0245  0.0000  0.0036
  14  0.0017  0.0177  0.0027  0.0033  0.0012  0.0089  -0.0001
  15  0.0001  0.0051  0.0602  0.0044  0.0530  0.0000  0.0026
  16  -0.0000  0.0006  0.1074  0.0185  0.0374  0.0006  0.0082
  17  0.0291  0.0000  0.0448  0.0248  0.0788  0.0013  0.0213
  18  0.0418  0.0000  -0.0001  0.0018  0.0001  0.0000  0.1056
  19  0.1188  0.0046  0.0072  0.0098  0.0088  0.0009  0.0217
  20  0.0591  0.0015  0.0024  0.0036  0.0001  0.0060  0.0005
  21  0.0754  0.0004  0.0018  0.0006  0.0048  0.0000  0.0866
  22  0.0252  0.0031  0.0004  0.0001  0.0009  0.0012  0.0728
  23  0.0003  0.0157  0.0964  0.0011  0.0123  0.0000  0.0003
  24  0.0031  0.0643  0.0023  -0.0000  -0.0005  0.0026  0.0000
      22       23       24       25       26       27       28     
   1  0.0623  0.0050  0.0601  0.0854  0.0418  0.1147  0.0053
   2  0.0521  0.0077  0.0616  0.0552  0.0591  0.1250  0.0119
   3  0.0305  0.1223  0.0811  0.0147  0.0678  0.1881  0.1127
   4  0.0205  0.1461  0.0990  0.1028  0.0910  0.1314  0.1259
   5  0.0115  0.0120  0.0389  0.1066  0.1360  0.0380  0.0976
   6  0.0190  0.0562  0.0298  0.0496  0.1526  0.0390  0.0893
   7  0.0072  0.1008  0.0700  0.1392  0.1585  0.0708  0.1225
   8  0.0041  0.0104  0.0251  0.1479  0.1095  0.0406  0.1844
   9  0.0177  0.0939  0.0490  0.0823  0.0548  0.0276  0.0932
  10  0.0492  0.0014  0.0099  0.0186  0.0033  0.0326  0.0001
  11  0.2091  0.2314  0.3199  0.0978  0.0785  0.0262  0.0074
  12  0.4534  0.0506  0.0378  0.0188  0.0083  0.0192  0.0005
  13  0.0001  -0.0000  0.0035  0.0013  0.0050  0.0018  0.0016
  14  0.0038  0.0001  -0.0001  0.0013  0.0008  0.0081  0.0006
  15  0.0014  0.0001  0.0085  0.0077  0.0063  0.0484  0.0023
  16  0.0130  0.0172  0.0073  0.0064  0.0030  0.0693  0.0038
  17  0.0006  0.0220  0.0094  0.0108  0.0037  0.0003  0.0067
  18  0.0017  0.0022  0.0185  0.0280  0.0038  0.0010  0.0000
  19  0.0093  0.0043  0.0010  0.0037  0.0107  0.0015  0.0440
  20  0.0027  0.0696  0.0544  0.0099  0.0037  0.0059  0.0409
  21  0.0001  0.0001  0.0020  0.0017  0.0013  0.0005  -0.0000
  22  0.0124  0.0460  0.0133  0.0048  0.0000  0.0001  0.0490
  23  0.0026  0.0003  0.0000  0.0050  0.0007  0.0085  0.0003
  24  0.0158  0.0002  0.0001  0.0004  -0.0001  0.0016  0.0000
      29       30       31       32       33       34       35     
   1  0.0040  0.3725  0.2169  0.0109  0.0055  0.0008  0.0005
   2  0.0006  0.0546  0.0580  0.0986  0.0299  0.0202  0.0040
   3  0.0333  0.0568  0.0008  0.0887  0.0016  0.0082  0.0119
   4  0.1078  0.0059  0.0052  0.2249  0.1301  0.2229  0.0345
   5  0.0456  0.0573  0.0650  0.2567  0.0376  0.2394  0.1588
   6  0.1659  0.0565  0.1122  0.0033  0.1766  0.0059  0.0779
   7  0.1831  0.0148  0.0106  0.1200  0.0379  0.2202  0.1204
   8  0.1148  0.0333  0.1749  0.0510  0.1006  0.2570  0.0239
   9  0.1041  0.1171  0.1614  0.0710  0.1371  0.0018  0.0815
  10  0.0043  0.0785  0.0781  0.0017  0.1858  0.0038  0.3578
  11  0.0046  0.0702  0.0216  0.0077  0.0845  0.0028  0.0294
  12  0.0033  0.0513  0.0270  0.0020  0.0313  0.0001  0.0382
  13  0.0000  0.0002  0.0022  0.0041  0.0002  0.0006  0.0003
  14  0.0004  0.0005  0.0179  -0.0001  0.0229  0.0017  0.0549
  15  0.0000  0.0059  0.0326  0.0254  0.0037  0.0008  0.0030
  16  0.0000  0.0028  0.0000  0.0260  0.0019  0.0020  -0.0000
  17  0.0138  0.0034  0.0001  0.0000  0.0005  0.0004  0.0001
  18  0.0706  0.0024  0.0014  0.0001  0.0007  0.0033  0.0003
  19  0.0206  0.0069  0.0083  0.0020  0.0041  0.0002  0.0007
  20  0.0279  0.0006  0.0018  0.0038  0.0002  0.0069  0.0007
  21  0.0797  0.0010  0.0001  0.0015  0.0026  0.0001  0.0002
  22  0.0156  0.0001  0.0001  0.0000  0.0032  0.0002  0.0006
  23  0.0001  0.0074  0.0031  0.0005  0.0015  0.0003  0.0000
  24  0.0000  0.0003  0.0005  0.0002  0.0001  0.0003  0.0003
      36       37       38       39       40       41       42     
   1  0.0015  0.3311  0.0099  0.0815  0.0695  0.0385  0.1625
   2  0.0102  0.0920  0.0270  0.2384  0.1844  0.0324  0.1234
   3  0.0052  0.0779  0.0291  0.1671  0.1331  0.0139  0.0261
   4  0.1219  0.0083  0.0328  0.0371  0.0098  0.0428  0.0096
   5  0.0714  0.0010  0.1026  0.0425  0.0265  0.1900  0.0018
   6  0.0430  0.0034  0.0481  0.0584  0.0710  0.0332  0.0384
   7  0.0995  0.0002  0.0734  0.0089  0.0195  0.1469  0.0136
   8  0.1406  0.0001  0.0614  0.0058  0.0077  0.0323  0.0005
   9  0.2750  0.0029  0.2158  0.0147  0.0755  0.0770  0.0390
  10  0.1566  0.0216  0.0023  0.0576  0.0673  0.0347  0.0913
  11  0.0281  0.0012  0.0095  0.0301  0.0388  0.0112  0.0221
  12  0.0152  0.0002  0.0003  0.0105  0.0049  0.0067  0.0428
  13  0.0001  0.0143  0.0029  0.0759  0.0003  0.0383  0.1557
  14  0.0150  0.0031  0.0276  0.0672  0.1066  0.0233  0.0645
  15  0.0017  0.0141  0.0002  0.0042  0.0003  -0.0000  0.0027
  16  0.0015  0.0114  0.0001  0.0156  0.0343  0.0000  0.0137
  17  0.0004  0.0002  0.0021  0.0013  0.0003  0.0005  0.0029
  18  0.0004  0.0001  0.0621  0.0342  0.0033  0.1572  0.0000
  19  0.0000  0.0001  0.0614  0.0143  0.0025  0.0000  0.0143
  20  0.0046  0.0000  0.0432  0.0027  0.0114  0.0985  0.0111
  21  0.0026  0.0001  0.0178  0.0022  0.0018  0.0126  0.0016
  22  0.0021  0.0001  0.1614  0.0040  0.0557  0.0037  0.0344
  23  0.0008  0.4163  0.0088  0.0219  0.0741  0.0003  0.0009
  24  0.0027  0.0003  0.0000  0.0038  0.0013  0.0059  0.1270
      43       44       45       46       47       48       49     
   1  0.0274  0.0631  0.0155  0.0001  0.0056  0.0067  0.0002
   2  0.0714  0.0827  0.1382  0.0041  0.0165  0.1956  0.0047
   3  0.0052  0.0264  0.1292  0.0293  0.3490  0.1549  0.0536
   4  0.0006  0.0260  0.0362  0.0491  0.1370  0.0720  0.0557
   5  0.0045  0.0956  0.0159  0.0754  0.0372  0.0054  0.0654
   6  0.0154  0.0328  0.0475  0.0600  0.0555  0.0324  0.2929
   7  0.0774  0.0895  0.0517  0.0824  0.0483  0.0412  0.0102
   8  0.0030  -0.0026  0.0046  0.3167  0.0039  0.0340  0.0804
   9  0.0632  0.0983  0.0310  0.0274  0.0111  0.1032  0.0458
  10  0.1084  0.0297  0.0909  0.0065  0.0035  0.0699  0.0059
  11  0.0072  0.0111  0.0191  0.0026  0.0008  0.0104  0.0066
  12  0.1056  0.0050  0.0394  0.0001  0.0006  0.0087  0.0021
  13  0.0168  0.0568  0.0177  0.0000  0.0029  0.0006  0.0004
  14  0.0131  0.0498  0.0636  0.0054  0.0004  0.0373  0.0195
  15  0.0364  0.0316  0.0408  0.0007  0.0064  0.0828  0.0056
  16  0.0031  0.0005  0.0066  0.0123  0.1532  0.0023  0.0253
  17  0.0013  0.0211  0.1096  0.0007  0.0648  0.0890  0.0001
  18  0.0041  0.0737  0.0022  0.0369  0.0249  0.0039  0.0176
  19  0.0138  0.0030  0.0256  0.0209  0.0307  0.0068  0.2187
  20  0.0693  0.0937  0.0340  0.0033  0.0307  0.0147  -0.0009
  21  0.0046  0.0020  -0.0001  0.2481  0.0046  0.0080  0.0763
  22  0.0501  0.0899  0.0030  0.0175  0.0091  0.0041  0.0021
  23  0.0010  0.0000  0.0002  0.0001  0.0003  0.0002  0.0001
  24  0.2972  0.0204  0.0776  0.0003  0.0031  0.0160  0.0115
      50       51       52       53       54       55       56     
   1  0.0123  0.0918  0.0034  0.0528  0.0137  0.0038  0.1259
   2  0.0139  0.2198  0.0249  0.0996  0.0366  0.0050  0.2624
   3  0.1451  0.0361  0.0791  -0.0000  0.0044  0.0107  0.0722
   4  0.1120  0.0285  0.0186  0.0137  0.0321  0.1954  0.0971
   5  0.0848  0.0081  0.1738  0.0234  0.0091  0.0753  0.0427
   6  0.0599  0.0280  0.2240  0.0334  0.0133  0.0312  0.0349
   7  0.0196  0.0093  0.0663  0.0182  0.0094  0.0296  0.0305
   8  0.1225  0.0310  0.0539  0.0303  0.0246  0.1980  0.0123
   9  0.1403  0.0159  0.0869  0.0323  0.0239  0.2034  0.0136
  10  0.0454  0.0921  0.0798  0.4041  0.4523  0.0969  0.0809
  11  0.0111  0.0162  0.0257  0.1654  0.0067  0.0091  0.0085
  12  0.0018  0.0161  0.0022  0.0108  0.2329  0.0393  0.0003
  13  0.0229  0.1464  0.0009  0.0250  0.0113  0.0010  0.0225
  14  0.0025  0.0413  -0.0006  0.0519  0.0002  0.0002  0.0002
  15  0.0073  0.1136  0.0005  0.0002  0.0045  0.0011  0.0735
  16  0.0067  0.0004  0.0498  0.0006  0.0001  0.0017  0.0704
  17  0.1095  0.0000  0.0300  0.0000  0.0007  0.0082  0.0282
  18  0.0174  0.0015  0.0036  0.0005  0.0039  0.0234  0.0064
  19  0.0151  0.0069  0.0012  0.0019  0.0011  0.0080  0.0060
  20  -0.0001  0.0002  0.0291  0.0082  0.0000  0.0027  0.0015
  21  0.0234  0.0106  0.0285  0.0045  0.0052  0.0133  0.0034
  22  0.0091  0.0008  0.0047  0.0044  0.0028  0.0344  -0.0000
  23  0.0067  0.0480  0.0004  0.0097  0.0039  0.0003  0.0066
  24  0.0108  0.0374  0.0135  0.0091  0.1075  0.0081  0.0001
      57       58       59       60     
   1  0.0582  0.0002  0.0021  0.0000
   2  0.1920  0.0024  0.0366  0.0000
   3  0.1074  0.0103  0.2724  0.0006
   4  0.1335  0.0321  0.3441  0.0160
   5  0.0905  0.1615  0.1069  0.0630
   6  0.0434  0.1771  0.0115  0.2984
   7  0.0413  0.2441  0.0131  0.3882
   8  0.0266  0.2411  0.0086  0.1684
   9  0.0638  0.0229  0.0962  0.0200
  10  0.0706  0.0008  0.0075  0.0001
  11  0.0085  0.0014  0.0002  0.0004
  12  0.0001  0.0001  0.0005  0.0000
  13  0.0050  0.0000  0.0000  0.0000
  14  0.0057  0.0126  0.0005  0.0078
  15  0.0616  0.0003  0.0043  0.0000
  16  0.0462  0.0059  0.0663  0.0000
  17  0.0194  0.0016  0.0192  0.0000
  18  0.0091  0.0035  0.0054  0.0000
  19  0.0106  0.0293  0.0021  0.0114
  20  0.0020  0.0059  0.0012  0.0176
  21  0.0019  0.0466  0.0009  0.0080
  22  0.0008  0.0000  0.0001  0.0000
  23  0.0008  0.0000  -0.0000  0.0000
  24  0.0009  0.0004  0.0002  0.0001


 Sorting 60 crystal orbitals.


# ******** Extended Hueckel Parameters ********
;  FORMAT  quantum number orbital: Hii, <c1>, exponent1, <c2>, <exponent2>

ATOM: N   Atomic number: 7  # Valence Electrons: 5
	2S:   -26.0000     1.9500
	2P:   -13.4000     1.9500
ATOM: C   Atomic number: 6  # Valence Electrons: 4
	2S:   -21.4000     1.6250
	2P:   -11.4000     1.6250
ATOM: O   Atomic number: 8  # Valence Electrons: 6
	2S:   -32.3000     2.2750
	2P:   -14.8000     2.2750
ATOM: H   Atomic number: 1  # Valence Electrons: 1
	1S:   -13.6000     1.3000

### TOTAL DENSITY OF STATES 
120 states are present.
#BEGIN CURVE
1.000000 -35.661774
1.000000 -33.272823
1.000000 -29.828384
1.000000 -29.307634
1.000000 -26.924206
1.000000 -25.579321
1.000000 -23.696569
1.000000 -21.637695
1.000000 -20.476547
1.000000 -19.434566
1.000000 -18.123528
1.000000 -17.052711
1.000000 -16.816078
1.000000 -16.672543
1.000000 -16.288225
1.000000 -16.207647
1.000000 -15.833045
1.000000 -15.567918
1.000000 -15.306126
1.000000 -14.975557
1.000000 -14.841743
1.000000 -14.714771
1.000000 -14.512699
1.000000 -14.275800
1.000000 -14.038223
1.000000 -13.865096
1.000000 -13.708447
1.000000 -13.315951
1.000000 -13.058293
1.000000 -12.748583
1.000000 -12.372001
1.000000 -12.103460
1.000000 -9.795575
1.000000 -8.708937
1.000000 -8.140919
1.000000 -6.145283
1.000000 -2.972254
1.000000 -1.011975
1.000000 -0.798938
1.000000 -0.000195
1.000000 0.906936
1.000000 1.790766
1.000000 2.810737
1.000000 3.018281
1.000000 4.312916
1.000000 4.933059
1.000000 5.520869
1.000000 6.362465
1.000000 8.564358
1.000000 10.600695
1.000000 12.688991
1.000000 19.199104
1.000000 19.800119
1.000000 21.203716
1.000000 22.969347
1.000000 30.003824
1.000000 33.603233
1.000000 37.806030
1.000000 44.108326
1.000000 61.158733
#END CURVE
# END OF DOS


;  The Fermi Level was determined for 1 K points based on
;     an ordering of 60 crystal orbitals occupied by 64.000000 electrons
;      in the unit cell (64.000000 electrons total)
#Fermi_Energy:  -12.103460
#Average Energy:  -1184.435932 eV

# Atomic Orbital Occupations
;        s      px      py      pz    dx2-y2    dz2     dxy     dxz     dyz
1 N  1.4409  1.1802  1.3944  1.6161  0.0000  0.0000  0.0000  0.0000  0.0000 
2 C  1.1437  0.8509  0.7954  0.8735  0.0000  0.0000  0.0000  0.0000  0.0000 
3 C  1.1945  0.9767  0.9948  0.9140  0.0000  0.0000  0.0000  0.0000  0.0000 
4 C  1.1747  0.9079  0.9064  0.9122  0.0000  0.0000  0.0000  0.0000  0.0000 
5 C  1.2077  0.9664  0.9669  0.8387  0.0000  0.0000  0.0000  0.0000  0.0000 
6 C  1.1649  0.8964  0.9251  0.9187  0.0000  0.0000  0.0000  0.0000  0.0000 
7 C  1.1917  0.9487  0.9502  0.8883  0.0000  0.0000  0.0000  0.0000  0.0000 
8 C  1.2009  0.9198  1.0034  0.9012  0.0000  0.0000  0.0000  0.0000  0.0000 
9 C  1.2281  0.9665  0.8517  0.9149  0.0000  0.0000  0.0000  0.0000  0.0000 
10 C  1.0205  0.5142  0.5286  0.6886  0.0000  0.0000  0.0000  0.0000  0.0000 
11 O  1.6758  1.7295  1.5898  1.8679  0.0000  0.0000  0.0000  0.0000  0.0000 
12 O  1.6274  1.8048  1.8125  1.5237  0.0000  0.0000  0.0000  0.0000  0.0000 
13 H  0.7626  0.0000  0.0000  0.0000  0.0000  0.0000  0.0000  0.0000  0.0000 
14 H  0.6033  0.0000  0.0000  0.0000  0.0000  0.0000  0.0000  0.0000  0.0000 
15 H  0.9963  0.0000  0.0000  0.0000  0.0000  0.0000  0.0000  0.0000  0.0000 
16 H  0.9364  0.0000  0.0000  0.0000  0.0000  0.0000  0.0000  0.0000  0.0000 
17 H  0.9755  0.0000  0.0000  0.0000  0.0000  0.0000  0.0000  0.0000  0.0000 
18 H  1.0007  0.0000  0.0000  0.0000  0.0000  0.0000  0.0000  0.0000  0.0000 
19 H  0.9787  0.0000  0.0000  0.0000  0.0000  0.0000  0.0000  0.0000  0.0000 
20 H  1.0143  0.0000  0.0000  0.0000  0.0000  0.0000  0.0000  0.0000  0.0000 
21 H  0.9370  0.0000  0.0000  0.0000  0.0000  0.0000  0.0000  0.0000  0.0000 
22 H  1.0038  0.0000  0.0000  0.0000  0.0000  0.0000  0.0000  0.0000  0.0000 
23 H  0.7933  0.0000  0.0000  0.0000  0.0000  0.0000  0.0000  0.0000  0.0000 
24 H  0.4881  0.0000  0.0000  0.0000  0.0000  0.0000  0.0000  0.0000  0.0000 

# AVERAGE NET CHARGES
1 N -0.631682
2 C 0.336470
3 C -0.079919
4 C 0.098875
5 C 0.020305
6 C 0.094941
7 C 0.021078
8 C -0.025236
9 C 0.038812
10 C 1.248040
11 O -0.863046
12 O -0.768436
13 H 0.237358
14 H 0.396673
15 H 0.003669
16 H 0.063578
17 H 0.024460
18 H -0.000740
19 H 0.021300
20 H -0.014289
21 H 0.062979
22 H -0.003760
23 H 0.206718
24 H 0.511850
There are a total of 64.000000 electrons.
Done!
